{"$message_type":"diagnostic","message":"`rustacuda::device::Device` is not an iterator","code":{"code":"E0599","explanation":"This error occurs when a method is used on a type which doesn't implement it:\n\nErroneous code example:\n\n```compile_fail,E0599\nstruct Mouth;\n\nlet x = Mouth;\nx.chocolate(); // error: no method named `chocolate` found for type `Mouth`\n               //        in the current scope\n```\n\nIn this case, you need to implement the `chocolate` method to fix the error:\n\n```\nstruct Mouth;\n\nimpl Mouth {\n    fn chocolate(&self) { // We implement the `chocolate` method here.\n        println!(\"Hmmm! I love chocolate!\");\n    }\n}\n\nlet x = Mouth;\nx.chocolate(); // ok!\n```\n"},"level":"error","spans":[{"file_name":"src/cuda/mod.rs","byte_start":1207,"byte_end":1212,"line_start":49,"line_end":49,"column_start":36,"column_end":41,"is_primary":true,"text":[{"text":"        let device_count = Device::count()?;","highlight_start":36,"highlight_end":41}],"label":"`rustacuda::device::Device` is not an iterator","suggested_replacement":null,"suggestion_applicability":null,"expansion":null},{"file_name":"/home/de/.cargo/registry/src/index.crates.io-1949cf8c6b5b557f/rustacuda-0.1.3/src/device.rs","byte_start":9504,"byte_end":9521,"line_start":230,"line_end":230,"column_start":1,"column_end":18,"is_primary":false,"text":[{"text":"pub struct Device {","highlight_start":1,"highlight_end":18}],"label":"doesn't satisfy `rustacuda::device::Device: Iterator`","suggested_replacement":null,"suggestion_applicability":null,"expansion":null}],"children":[{"message":"if you're trying to build a new `rustacuda::device::Device`, consider using `rustacuda::device::Device::get_device` which returns `Result<rustacuda::device::Device, CudaError>`","code":null,"level":"note","spans":[{"file_name":"/home/de/.cargo/registry/src/index.crates.io-1949cf8c6b5b557f/rustacuda-0.1.3/src/device.rs","byte_start":10920,"byte_end":10973,"line_start":275,"line_end":275,"column_start":5,"column_end":58,"is_primary":true,"text":[{"text":"    pub fn get_device(ordinal: u32) -> CudaResult<Device> {","highlight_start":5,"highlight_end":58}],"label":null,"suggested_replacement":null,"suggestion_applicability":null,"expansion":null}],"children":[],"rendered":null},{"message":"the following trait bounds were not satisfied:\n`rustacuda::device::Device: Iterator`\nwhich is required by `&mut rustacuda::device::Device: Iterator`","code":null,"level":"note","spans":[],"children":[],"rendered":null}],"rendered":"\u001b[0m\u001b[1m\u001b[38;5;9merror[E0599]\u001b[0m\u001b[0m\u001b[1m: `rustacuda::device::Device` is not an iterator\u001b[0m\n\u001b[0m   \u001b[0m\u001b[0m\u001b[1m\u001b[38;5;12m--> \u001b[0m\u001b[0msrc/cuda/mod.rs:49:36\u001b[0m\n\u001b[0m    \u001b[0m\u001b[0m\u001b[1m\u001b[38;5;12m|\u001b[0m\n\u001b[0m\u001b[1m\u001b[38;5;12m49\u001b[0m\u001b[0m  \u001b[0m\u001b[0m\u001b[1m\u001b[38;5;12m|\u001b[0m\u001b[0m \u001b[0m\u001b[0m        let device_count = Device::count()?;\u001b[0m\n\u001b[0m    \u001b[0m\u001b[0m\u001b[1m\u001b[38;5;12m|\u001b[0m\u001b[0m                                    \u001b[0m\u001b[0m\u001b[1m\u001b[38;5;9m^^^^^\u001b[0m\u001b[0m \u001b[0m\u001b[0m\u001b[1m\u001b[38;5;9m`rustacuda::device::Device` is not an iterator\u001b[0m\n\u001b[0m    \u001b[0m\u001b[0m\u001b[1m\u001b[38;5;12m|\u001b[0m\n\u001b[0m   \u001b[0m\u001b[0m\u001b[1m\u001b[38;5;12m::: \u001b[0m\u001b[0m/home/de/.cargo/registry/src/index.crates.io-1949cf8c6b5b557f/rustacuda-0.1.3/src/device.rs:230:1\u001b[0m\n\u001b[0m    \u001b[0m\u001b[0m\u001b[1m\u001b[38;5;12m|\u001b[0m\n\u001b[0m\u001b[1m\u001b[38;5;12m230\u001b[0m\u001b[0m \u001b[0m\u001b[0m\u001b[1m\u001b[38;5;12m|\u001b[0m\u001b[0m \u001b[0m\u001b[0mpub struct Device {\u001b[0m\n\u001b[0m    \u001b[0m\u001b[0m\u001b[1m\u001b[38;5;12m|\u001b[0m\u001b[0m \u001b[0m\u001b[0m\u001b[1m\u001b[38;5;12m-----------------\u001b[0m\u001b[0m \u001b[0m\u001b[0m\u001b[1m\u001b[38;5;12mdoesn't satisfy `rustacuda::device::Device: Iterator`\u001b[0m\n\u001b[0m    \u001b[0m\u001b[0m\u001b[1m\u001b[38;5;12m|\u001b[0m\n\u001b[0m\u001b[1m\u001b[38;5;10mnote\u001b[0m\u001b[0m: if you're trying to build a new `rustacuda::device::Device`, consider using `rustacuda::device::Device::get_device` which returns `Result<rustacuda::device::Device, CudaError>`\u001b[0m\n\u001b[0m   \u001b[0m\u001b[0m\u001b[1m\u001b[38;5;12m--> \u001b[0m\u001b[0m/home/de/.cargo/registry/src/index.crates.io-1949cf8c6b5b557f/rustacuda-0.1.3/src/device.rs:275:5\u001b[0m\n\u001b[0m    \u001b[0m\u001b[0m\u001b[1m\u001b[38;5;12m|\u001b[0m\n\u001b[0m\u001b[1m\u001b[38;5;12m275\u001b[0m\u001b[0m \u001b[0m\u001b[0m\u001b[1m\u001b[38;5;12m|\u001b[0m\u001b[0m \u001b[0m\u001b[0m    pub fn get_device(ordinal: u32) -> CudaResult<Device> {\u001b[0m\n\u001b[0m    \u001b[0m\u001b[0m\u001b[1m\u001b[38;5;12m|\u001b[0m\u001b[0m     \u001b[0m\u001b[0m\u001b[1m\u001b[38;5;10m^^^^^^^^^^^^^^^^^^^^^^^^^^^^^^^^^^^^^^^^^^^^^^^^^^^^^\u001b[0m\n\u001b[0m    \u001b[0m\u001b[0m\u001b[1m\u001b[38;5;12m= \u001b[0m\u001b[0m\u001b[1mnote\u001b[0m\u001b[0m: the following trait bounds were not satisfied:\u001b[0m\n\u001b[0m            `rustacuda::device::Device: Iterator`\u001b[0m\n\u001b[0m            which is required by `&mut rustacuda::device::Device: Iterator`\u001b[0m\n\n"}
{"$message_type":"diagnostic","message":"no method named `pop` found for struct `rustacuda::context::Context` in the current scope","code":{"code":"E0599","explanation":"This error occurs when a method is used on a type which doesn't implement it:\n\nErroneous code example:\n\n```compile_fail,E0599\nstruct Mouth;\n\nlet x = Mouth;\nx.chocolate(); // error: no method named `chocolate` found for type `Mouth`\n               //        in the current scope\n```\n\nIn this case, you need to implement the `chocolate` method to fix the error:\n\n```\nstruct Mouth;\n\nimpl Mouth {\n    fn chocolate(&self) { // We implement the `chocolate` method here.\n        println!(\"Hmmm! I love chocolate!\");\n    }\n}\n\nlet x = Mouth;\nx.chocolate(); // ok!\n```\n"},"level":"error","spans":[{"file_name":"src/cuda/mod.rs","byte_start":4517,"byte_end":4520,"line_start":127,"line_end":127,"column_start":22,"column_end":25,"is_primary":true,"text":[{"text":"        self.context.pop()?;","highlight_start":22,"highlight_end":25}],"label":"method not found in `Context`","suggested_replacement":null,"suggestion_applicability":null,"expansion":null}],"children":[],"rendered":"\u001b[0m\u001b[1m\u001b[38;5;9merror[E0599]\u001b[0m\u001b[0m\u001b[1m: no method named `pop` found for struct `rustacuda::context::Context` in the current scope\u001b[0m\n\u001b[0m   \u001b[0m\u001b[0m\u001b[1m\u001b[38;5;12m--> \u001b[0m\u001b[0msrc/cuda/mod.rs:127:22\u001b[0m\n\u001b[0m    \u001b[0m\u001b[0m\u001b[1m\u001b[38;5;12m|\u001b[0m\n\u001b[0m\u001b[1m\u001b[38;5;12m127\u001b[0m\u001b[0m \u001b[0m\u001b[0m\u001b[1m\u001b[38;5;12m|\u001b[0m\u001b[0m \u001b[0m\u001b[0m        self.context.pop()?;\u001b[0m\n\u001b[0m    \u001b[0m\u001b[0m\u001b[1m\u001b[38;5;12m|\u001b[0m\u001b[0m                      \u001b[0m\u001b[0m\u001b[1m\u001b[38;5;9m^^^\u001b[0m\u001b[0m \u001b[0m\u001b[0m\u001b[1m\u001b[38;5;9mmethod not found in `Context`\u001b[0m\n\n"}
{"$message_type":"diagnostic","message":"mismatched types","code":{"code":"E0308","explanation":"Expected type did not match the received type.\n\nErroneous code examples:\n\n```compile_fail,E0308\nfn plus_one(x: i32) -> i32 {\n    x + 1\n}\n\nplus_one(\"Not a number\");\n//       ^^^^^^^^^^^^^^ expected `i32`, found `&str`\n\nif \"Not a bool\" {\n// ^^^^^^^^^^^^ expected `bool`, found `&str`\n}\n\nlet x: f32 = \"Not a float\";\n//     ---   ^^^^^^^^^^^^^ expected `f32`, found `&str`\n//     |\n//     expected due to this\n```\n\nThis error occurs when an expression was used in a place where the compiler\nexpected an expression of a different type. It can occur in several cases, the\nmost common being when calling a function and passing an argument which has a\ndifferent type than the matching type in the function declaration.\n"},"level":"error","spans":[{"file_name":"src/vanity.rs","byte_start":11631,"byte_end":11637,"line_start":340,"line_end":340,"column_start":21,"column_end":27,"is_primary":true,"text":[{"text":"                    Ok(sk) => sk,","highlight_start":21,"highlight_end":27}],"label":"expected `SigningKey`, found `Result<_, _>`","suggested_replacement":null,"suggestion_applicability":null,"expansion":null},{"file_name":"src/vanity.rs","byte_start":11576,"byte_end":11608,"line_start":339,"line_end":339,"column_start":23,"column_end":55,"is_primary":false,"text":[{"text":"                match SigningKey::from_bytes(&bytes32) {","highlight_start":23,"highlight_end":55}],"label":"this expression has type `SigningKey`","suggested_replacement":null,"suggestion_applicability":null,"expansion":null}],"children":[{"message":"expected struct `SigningKey`\n     found enum `Result<_, _>`","code":null,"level":"note","spans":[],"children":[],"rendered":null}],"rendered":"\u001b[0m\u001b[1m\u001b[38;5;9merror[E0308]\u001b[0m\u001b[0m\u001b[1m: mismatched types\u001b[0m\n\u001b[0m   \u001b[0m\u001b[0m\u001b[1m\u001b[38;5;12m--> \u001b[0m\u001b[0msrc/vanity.rs:340:21\u001b[0m\n\u001b[0m    \u001b[0m\u001b[0m\u001b[1m\u001b[38;5;12m|\u001b[0m\n\u001b[0m\u001b[1m\u001b[38;5;12m339\u001b[0m\u001b[0m \u001b[0m\u001b[0m\u001b[1m\u001b[38;5;12m|\u001b[0m\u001b[0m \u001b[0m\u001b[0m                match SigningKey::from_bytes(&bytes32) {\u001b[0m\n\u001b[0m    \u001b[0m\u001b[0m\u001b[1m\u001b[38;5;12m|\u001b[0m\u001b[0m                       \u001b[0m\u001b[0m\u001b[1m\u001b[38;5;12m--------------------------------\u001b[0m\u001b[0m \u001b[0m\u001b[0m\u001b[1m\u001b[38;5;12mthis expression has type `SigningKey`\u001b[0m\n\u001b[0m\u001b[1m\u001b[38;5;12m340\u001b[0m\u001b[0m \u001b[0m\u001b[0m\u001b[1m\u001b[38;5;12m|\u001b[0m\u001b[0m \u001b[0m\u001b[0m                    Ok(sk) => sk,\u001b[0m\n\u001b[0m    \u001b[0m\u001b[0m\u001b[1m\u001b[38;5;12m|\u001b[0m\u001b[0m                     \u001b[0m\u001b[0m\u001b[1m\u001b[38;5;9m^^^^^^\u001b[0m\u001b[0m \u001b[0m\u001b[0m\u001b[1m\u001b[38;5;9mexpected `SigningKey`, found `Result<_, _>`\u001b[0m\n\u001b[0m    \u001b[0m\u001b[0m\u001b[1m\u001b[38;5;12m|\u001b[0m\n\u001b[0m    \u001b[0m\u001b[0m\u001b[1m\u001b[38;5;12m= \u001b[0m\u001b[0m\u001b[1mnote\u001b[0m\u001b[0m: expected struct `\u001b[0m\u001b[0m\u001b[1m\u001b[35mSigningKey\u001b[0m\u001b[0m`\u001b[0m\n\u001b[0m                 found enum `\u001b[0m\u001b[0m\u001b[1m\u001b[35mResult<_, _>\u001b[0m\u001b[0m`\u001b[0m\n\n"}
{"$message_type":"diagnostic","message":"mismatched types","code":{"code":"E0308","explanation":"Expected type did not match the received type.\n\nErroneous code examples:\n\n```compile_fail,E0308\nfn plus_one(x: i32) -> i32 {\n    x + 1\n}\n\nplus_one(\"Not a number\");\n//       ^^^^^^^^^^^^^^ expected `i32`, found `&str`\n\nif \"Not a bool\" {\n// ^^^^^^^^^^^^ expected `bool`, found `&str`\n}\n\nlet x: f32 = \"Not a float\";\n//     ---   ^^^^^^^^^^^^^ expected `f32`, found `&str`\n//     |\n//     expected due to this\n```\n\nThis error occurs when an expression was used in a place where the compiler\nexpected an expression of a different type. It can occur in several cases, the\nmost common being when calling a function and passing an argument which has a\ndifferent type than the matching type in the function declaration.\n"},"level":"error","spans":[{"file_name":"src/vanity.rs","byte_start":11665,"byte_end":11671,"line_start":341,"line_end":341,"column_start":21,"column_end":27,"is_primary":true,"text":[{"text":"                    Err(_) => return None,","highlight_start":21,"highlight_end":27}],"label":"expected `SigningKey`, found `Result<_, _>`","suggested_replacement":null,"suggestion_applicability":null,"expansion":null},{"file_name":"src/vanity.rs","byte_start":11576,"byte_end":11608,"line_start":339,"line_end":339,"column_start":23,"column_end":55,"is_primary":false,"text":[{"text":"                match SigningKey::from_bytes(&bytes32) {","highlight_start":23,"highlight_end":55}],"label":"this expression has type `SigningKey`","suggested_replacement":null,"suggestion_applicability":null,"expansion":null}],"children":[{"message":"expected struct `SigningKey`\n     found enum `Result<_, _>`","code":null,"level":"note","spans":[],"children":[],"rendered":null}],"rendered":"\u001b[0m\u001b[1m\u001b[38;5;9merror[E0308]\u001b[0m\u001b[0m\u001b[1m: mismatched types\u001b[0m\n\u001b[0m   \u001b[0m\u001b[0m\u001b[1m\u001b[38;5;12m--> \u001b[0m\u001b[0msrc/vanity.rs:341:21\u001b[0m\n\u001b[0m    \u001b[0m\u001b[0m\u001b[1m\u001b[38;5;12m|\u001b[0m\n\u001b[0m\u001b[1m\u001b[38;5;12m339\u001b[0m\u001b[0m \u001b[0m\u001b[0m\u001b[1m\u001b[38;5;12m|\u001b[0m\u001b[0m \u001b[0m\u001b[0m                match SigningKey::from_bytes(&bytes32) {\u001b[0m\n\u001b[0m    \u001b[0m\u001b[0m\u001b[1m\u001b[38;5;12m|\u001b[0m\u001b[0m                       \u001b[0m\u001b[0m\u001b[1m\u001b[38;5;12m--------------------------------\u001b[0m\u001b[0m \u001b[0m\u001b[0m\u001b[1m\u001b[38;5;12mthis expression has type `SigningKey`\u001b[0m\n\u001b[0m\u001b[1m\u001b[38;5;12m340\u001b[0m\u001b[0m \u001b[0m\u001b[0m\u001b[1m\u001b[38;5;12m|\u001b[0m\u001b[0m \u001b[0m\u001b[0m                    Ok(sk) => sk,\u001b[0m\n\u001b[0m\u001b[1m\u001b[38;5;12m341\u001b[0m\u001b[0m \u001b[0m\u001b[0m\u001b[1m\u001b[38;5;12m|\u001b[0m\u001b[0m \u001b[0m\u001b[0m                    Err(_) => return None,\u001b[0m\n\u001b[0m    \u001b[0m\u001b[0m\u001b[1m\u001b[38;5;12m|\u001b[0m\u001b[0m                     \u001b[0m\u001b[0m\u001b[1m\u001b[38;5;9m^^^^^^\u001b[0m\u001b[0m \u001b[0m\u001b[0m\u001b[1m\u001b[38;5;9mexpected `SigningKey`, found `Result<_, _>`\u001b[0m\n\u001b[0m    \u001b[0m\u001b[0m\u001b[1m\u001b[38;5;12m|\u001b[0m\n\u001b[0m    \u001b[0m\u001b[0m\u001b[1m\u001b[38;5;12m= \u001b[0m\u001b[0m\u001b[1mnote\u001b[0m\u001b[0m: expected struct `\u001b[0m\u001b[0m\u001b[1m\u001b[35mSigningKey\u001b[0m\u001b[0m`\u001b[0m\n\u001b[0m                 found enum `\u001b[0m\u001b[0m\u001b[1m\u001b[35mResult<_, _>\u001b[0m\u001b[0m`\u001b[0m\n\n"}
{"$message_type":"diagnostic","message":"aborting due to 4 previous errors","code":null,"level":"error","spans":[],"children":[],"rendered":"\u001b[0m\u001b[1m\u001b[38;5;9merror\u001b[0m\u001b[0m\u001b[1m: aborting due to 4 previous errors\u001b[0m\n\n"}
{"$message_type":"diagnostic","message":"Some errors have detailed explanations: E0308, E0599.","code":null,"level":"failure-note","spans":[],"children":[],"rendered":"\u001b[0m\u001b[1mSome errors have detailed explanations: E0308, E0599.\u001b[0m\n"}
{"$message_type":"diagnostic","message":"For more information about an error, try `rustc --explain E0308`.","code":null,"level":"failure-note","spans":[],"children":[],"rendered":"\u001b[0m\u001b[1mFor more information about an error, try `rustc --explain E0308`.\u001b[0m\n"}
